<?xml version="1.0" encoding="UTF-8"?>
<!-- Generated by org.testng.reporters.JUnitXMLReporter -->
<testsuite hostname="DESKTOP-8DVPEKL" name="Default test" tests="2" failures="0" timestamp="5 Oct 2020 09:08:10 GMT" time="32.942" errors="0">
  <testcase name="navigateToSignUp" time="14.146" classname="Learning.AppiumTraining.SignUpValidation_Test"/>
  <testcase name="EnterDetails" time="0.0" classname="Learning.AppiumTraining.SignUpValidation_Test">
    <skipped/>
  </testcase> <!-- EnterDetails -->
</testsuite> <!-- Default test -->
