<?xml version="1.0" encoding="UTF-8"?>
<testng-results skipped="0" failed="0" ignored="0" total="2" passed="2">
  <reporter-output>
  </reporter-output>
  <suite name="Learning.AppiumTraining.SignUpValidation_Test" duration-ms="81782" started-at="2020-10-06T10:46:24 IST" finished-at="2020-10-06T10:47:45 IST">
    <groups>
    </groups>
    <test name="Command line test" duration-ms="81782" started-at="2020-10-06T10:46:24 IST" finished-at="2020-10-06T10:47:45 IST">
      <class name="Learning.AppiumTraining.SignUpValidation_Test">
        <test-method status="PASS" signature="beforeClass()[pri:0, instance:Learning.AppiumTraining.SignUpValidation_Test@4b952a2d]" name="beforeClass" is-config="true" duration-ms="20204" started-at="2020-10-06T10:46:24 IST" finished-at="2020-10-06T10:46:44 IST">
          <reporter-output>
          </reporter-output>
        </test-method> <!-- beforeClass -->
        <test-method status="PASS" signature="navigateToSignUp()[pri:0, instance:Learning.AppiumTraining.SignUpValidation_Test@4b952a2d]" name="navigateToSignUp" duration-ms="31102" started-at="2020-10-06T10:46:44 IST" finished-at="2020-10-06T10:47:15 IST">
          <reporter-output>
          </reporter-output>
        </test-method> <!-- navigateToSignUp -->
        <test-method status="PASS" signature="EnterDetails()[pri:0, instance:Learning.AppiumTraining.SignUpValidation_Test@4b952a2d]" name="EnterDetails" duration-ms="30263" started-at="2020-10-06T10:47:15 IST" depends-on-methods="Learning.AppiumTraining.SignUpValidation_Test.navigateToSignUp" finished-at="2020-10-06T10:47:45 IST">
          <reporter-output>
          </reporter-output>
        </test-method> <!-- EnterDetails -->
      </class> <!-- Learning.AppiumTraining.SignUpValidation_Test -->
    </test> <!-- Command line test -->
  </suite> <!-- Learning.AppiumTraining.SignUpValidation_Test -->
</testng-results>
