<?xml version="1.0" encoding="UTF-8"?>
<!-- Generated by org.testng.reporters.JUnitXMLReporter -->
<testsuite hostname="DESKTOP-8DVPEKL" ignored="0" name="Command line test" tests="2" failures="0" timestamp="2020-10-06T10:47:45 IST" time="81.782" errors="0">
  <testcase name="navigateToSignUp" time="31.102" classname="Learning.AppiumTraining.SignUpValidation_Test"/>
  <testcase name="EnterDetails" time="30.263" classname="Learning.AppiumTraining.SignUpValidation_Test"/>
</testsuite> <!-- Command line test -->
